<?xml version="1.0" encoding="UTF-8"?>
<testsuite xmlns:xsi="http://www.w3.org/2001/XMLSchema-instance" xsi:noNamespaceSchemaLocation="https://maven.apache.org/surefire/maven-surefire-plugin/xsd/surefire-test-report.xsd" version="3.0.2" name="io.github.mattwang1868.WarGameTest" time="0.029" tests="3" errors="0" skipped="0" failures="0">
  <properties>
[...]
</properties>
  <testcase name="testWarBackup4P1" classname="io.github.mattwang1868.WarGameTest" time="0.018">
    <system-out><![CDATA[Player 1 doesn't have enough cards left for war.
Player 2 doesn't have enough cards left for war.
All tied players don't have enough cards for war.
null
null
TWOofDIAMONDS
FOURofHEARTS
]]></system-out>
  </testcase>
  <testcase name="testWarBackup4P2" classname="io.github.mattwang1868.WarGameTest" time="0.001">
    <system-out><![CDATA[Player 1 doesn't have enough cards left for war.
Player 2 doesn't have enough cards left for war.
All tied players don't have enough cards for war.
null
null
TWOofDIAMONDS
TWOofHEARTS
War!

				X		X		
				X		X		
				X		X		

				ACE		KING		
]]></system-out>
  </testcase>
  <testcase name="testWarBackup3P" classname="io.github.mattwang1868.WarGameTest" time="0.002">
    <system-out><![CDATA[Player 1 doesn't have enough cards left for war.
Player 2 doesn't have enough cards left for war.
All tied players don't have enough cards for war.
null
null
TWOofDIAMONDS
]]></system-out>
  </testcase>
</testsuite>